<?xml version="1.0" encoding="UTF-8"?>
<testng-results ignored="0" total="2" passed="2" failed="0" skipped="0">
  <reporter-output>
  </reporter-output>
  <suite started-at="2024-08-31T19:31:57 IST" name="Default suite" finished-at="2024-08-31T19:34:13 IST" duration-ms="136198">
    <groups>
    </groups>
    <test started-at="2024-08-31T19:31:57 IST" name="Default test" finished-at="2024-08-31T19:34:13 IST" duration-ms="136198">
      <class name="Testcase.TestCase01">
        <test-method signature="Test_In_Chrome()[pri:0, instance:Testcase.TestCase01@5f9b2141]" started-at="2024-08-31T19:31:57 IST" name="Test_In_Chrome" finished-at="2024-08-31T19:33:24 IST" duration-ms="87109" status="PASS">
          <reporter-output>
          </reporter-output>
        </test-method> <!-- Test_In_Chrome -->
        <test-method signature="Test_In_Firefox1()[pri:0, instance:Testcase.TestCase01@5f9b2141]" started-at="2024-08-31T19:33:24 IST" name="Test_In_Firefox1" finished-at="2024-08-31T19:34:13 IST" duration-ms="49030" status="PASS">
          <reporter-output>
          </reporter-output>
        </test-method> <!-- Test_In_Firefox1 -->
      </class> <!-- Testcase.TestCase01 -->
    </test> <!-- Default test -->
  </suite> <!-- Default suite -->
</testng-results>
